Watching for file changes with StatReloader
/home/juno/omniwrite/accounts/views.py changed, reloading.
Watching for file changes with StatReloader
Watching for file changes with StatReloader
/home/juno/omniwrite/accounts/views.py changed, reloading.
Watching for file changes with StatReloader
/home/juno/omniwrite/stt/views.py changed, reloading.
Watching for file changes with StatReloader
Watching for file changes with StatReloader
/home/juno/omniwrite/files/views.py changed, reloading.
Watching for file changes with StatReloader
Watching for file changes with StatReloader
Watching for file changes with StatReloader
Watching for file changes with StatReloader
Watching for file changes with StatReloader
Watching for file changes with StatReloader
Watching for file changes with StatReloader
Watching for file changes with StatReloader
Watching for file changes with StatReloader
Watching for file changes with StatReloader
Watching for file changes with StatReloader
Watching for file changes with StatReloader
Watching for file changes with StatReloader
Watching for file changes with StatReloader
Watching for file changes with StatReloader
Watching for file changes with StatReloader
Watching for file changes with StatReloader
Watching for file changes with StatReloader
Watching for file changes with StatReloader
Watching for file changes with StatReloader
Watching for file changes with StatReloader
Watching for file changes with StatReloader
/home/juno/omniwrite/accounts/models.py changed, reloading.
Watching for file changes with StatReloader
/home/juno/omniwrite/accounts/views.py changed, reloading.
Watching for file changes with StatReloader
/home/juno/omniwrite/accounts/views.py changed, reloading.
Watching for file changes with StatReloader
Watching for file changes with StatReloader
Watching for file changes with StatReloader
Watching for file changes with StatReloader
Watching for file changes with StatReloader
/home/juno/omniwrite/accounts/views.py changed, reloading.
Watching for file changes with StatReloader
Watching for file changes with StatReloader
Watching for file changes with StatReloader
Watching for file changes with StatReloader
